This is pdfTeX, Version 3.141592653-2.6-1.40.25 (TeX Live 2023) (preloaded format=pdflatex 2023.5.6)  9 MAY 2023 09:41
entering extended mode
 restricted \write18 enabled.
 %&-line parsing enabled.
**C:/Users/t169/Documents/CURSOS/Analisis_de_datos/Evaluaciones/header_pagenrs_complet_ver3_s__problemas.tex
(c:/Users/t169/Documents/CURSOS/Analisis_de_datos/Evaluaciones/header_pagenrs_complet_ver3_s__problemas.tex
LaTeX2e <2022-11-01> patch level 1
L3 programming layer <2023-05-05>

! LaTeX Error: \usepackage before \documentclass.

See the LaTeX manual or LaTeX Companion for explanation.
Type  H <return>  for immediate help.
 ...                                              
                                                  
l.1 \usepackage{
                multirow} 
Here is how much of TeX's memory you used:
 19 strings out of 477954
 903 string characters out of 5836322
 1850242 words of memory out of 5000000
 20301 multiletter control sequences out of 15000+600000
 512287 words of font info for 32 fonts, out of 8000000 for 9000
 40 hyphenation exceptions out of 8191
 13i,0n,12p,159b,14s stack positions out of 10000i,1000n,20000p,200000b,200000s

!  ==> Fatal error occurred, no output PDF file produced!
