This is pdfTeX, Version 3.141592653-2.6-1.40.25 (TeX Live 2023) (preloaded format=pdflatex 2023.8.10)  10 AUG 2023 17:54
entering extended mode
 restricted \write18 enabled.
 %&-line parsing enabled.
**C:/Users/t169/Documents/CURSOS/Analisis_de_datos/teoria/header_pagenrs_complet_ver2.tex
(c:/Users/t169/Documents/CURSOS/Analisis_de_datos/teoria/header_pagenrs_complet_ver2.tex
LaTeX2e <2023-06-01> patch level 1
L3 programming layer <2023-08-03>

! LaTeX Error: \usepackage before \documentclass.

See the LaTeX manual or LaTeX Companion for explanation.
Type  H <return>  for immediate help.
 ...                                              
                                                  
l.1 \usepackage{
                multirow} 
Here is how much of TeX's memory you used:
 19 strings out of 477095
 827 string characters out of 5809880
 1916248 words of memory out of 5000000
 21162 multiletter control sequences out of 15000+600000
 558069 words of font info for 36 fonts, out of 8000000 for 9000
 40 hyphenation exceptions out of 8191
 13i,0n,12p,140b,14s stack positions out of 10000i,1000n,20000p,200000b,200000s

!  ==> Fatal error occurred, no output PDF file produced!
